#
# An unexpected error has been detected by HotSpot Virtual Machine:
#
#  EXCEPTION_ACCESS_VIOLATION (0xc0000005) at pc=0x0b88726e, pid=2944, tid=544
#
# Java VM: Java HotSpot(TM) Client VM (1.5.0_06-b05 mixed mode)
# Problematic frame:
# C  [frmdig.dll+0x726e]
#

---------------  T H R E A D  ---------------

Current thread (0x0089e590):  JavaThread "Thread-2" [_thread_in_native, id=544]

siginfo: ExceptionCode=0xc0000005, reading address 0x01994602

Registers:
EAX=0x00000232, EBX=0x0b026000, ECX=0x0b030a5c, EDX=0x00000900
ESP=0x0b5cf710, EBP=0x01994600, ESI=0x00000000, EDI=0x00000232
EIP=0x0b88726e, EFLAGS=0x00010216

Top of Stack: (sp=0x0b5cf710)
0x0b5cf710:   0b030a5c 000000bb 0b026006 000000bb
0x0b5cf720:   0b030a5c 0b026000 0b88710f 0b030a5c
0x0b5cf730:   01994600 00000900 000000bb 0b5cf760
0x0b5cf740:   000000bb 0b030a5c 0b245c98 0b025fec
0x0b5cf750:   0b881f6b 0b030a5c 0b026000 0b026006
0x0b5cf760:   000000bb 0b245c98 0b030a5c 0b5cf84c
0x0b5cf770:   0b025fec 0b025368 00000000 00000000
0x0b5cf780:   0af07344 00000001 0000000f 00000000 

Instructions: (pc=0x0b88726e)
0x0b88725e:   ff 00 00 50 51 e8 28 d8 ff ff 8b 54 24 24 8b f8
0x0b88726e:   66 8b 45 02 83 c4 08 66 3b f8 89 74 24 18 8d 5a 


Stack: [0x0b590000,0x0b5d0000),  sp=0x0b5cf710,  free space=253k
Native frames: (J=compiled Java code, j=interpreted, Vv=VM code, C=native code)
C  [frmdig.dll+0x726e]

[error occurred during error reporting, step 120, id 0xc0000005]

Java frames: (J=compiled Java code, j=interpreted, Vv=VM code)
j  oracle.forms.jdapi.BaseAPI._jni_replicate(JJJLjava/lang/String;)J+0
j  oracle.forms.jdapi.BaseFormsObject.clone(Loracle/forms/jdapi/JdapiObject;Ljava/lang/String;)Loracle/forms/jdapi/JdapiObject;+64
j  oracle.forms.jdapi.MenuModule.clone(Ljava/lang/String;)Loracle/forms/jdapi/MenuModule;+3
j  net.adamdog.form2njp.TranslateThread.run()V+335
v  ~StubRoutines::call_stub

---------------  P R O C E S S  ---------------

Java Threads: ( => current thread )
=>0x0089e590 JavaThread "Thread-2" [_thread_in_native, id=544]
  0x0086b5f0 JavaThread "TimerQueue" daemon [_thread_blocked, id=556]
  0x00868710 JavaThread "DestroyJavaVM" [_thread_blocked, id=3832]
  0x00858ce0 JavaThread "AWT-EventQueue-0" [_thread_blocked, id=1000]
  0x0084c790 JavaThread "Java2D Disposer" daemon [_thread_blocked, id=2812]
  0x00847e70 JavaThread "AWT-Windows" daemon [_thread_in_native, id=2060]
  0x008463b0 JavaThread "AWT-Shutdown" [_thread_blocked, id=1716]
  0x0082f0c0 JavaThread "Low Memory Detector" daemon [_thread_blocked, id=3632]
  0x0082e4f0 JavaThread "CompilerThread0" daemon [_thread_blocked, id=2412]
  0x0082d320 JavaThread "Signal Dispatcher" daemon [_thread_blocked, id=3232]
  0x0082c750 JavaThread "Finalizer" daemon [_thread_blocked, id=2148]
  0x0082b470 JavaThread "Reference Handler" daemon [_thread_blocked, id=4068]

Other Threads:
  0x0082a770 VMThread [id=244]
  0x00831b30 WatcherThread [id=424]

VM state:not at safepoint (normal execution)

VM Mutex/Monitor currently owned by a thread: None

Heap
 def new generation   total 576K, used 347K [0x02b80000, 0x02c20000, 0x03060000)
  eden space 512K,  64% used [0x02b80000, 0x02bd3168, 0x02c00000)
  from space 64K,  24% used [0x02c10000, 0x02c13e58, 0x02c20000)
  to   space 64K,   0% used [0x02c00000, 0x02c00000, 0x02c10000)
 tenured generation   total 4036K, used 2588K [0x03060000, 0x03451000, 0x06b80000)
   the space 4036K,  64% used [0x03060000, 0x032e7208, 0x032e7400, 0x03451000)
 compacting perm gen  total 11264K, used 11260K [0x06b80000, 0x07680000, 0x0ab80000)
   the space 11264K,  99% used [0x06b80000, 0x0767f390, 0x0767f400, 0x07680000)
No shared spaces configured.

Dynamic libraries:
0x00400000 - 0x0040c000 	C:\jdevstudio10134\jdk\bin\javaw.exe
0x7c900000 - 0x7c9b2000 	C:\WINDOWS\system32\ntdll.dll
0x7c800000 - 0x7c8f5000 	C:\WINDOWS\system32\kernel32.dll
0x77dd0000 - 0x77e6b000 	C:\WINDOWS\system32\ADVAPI32.dll
0x77e70000 - 0x77f02000 	C:\WINDOWS\system32\RPCRT4.dll
0x77fe0000 - 0x77ff1000 	C:\WINDOWS\system32\Secur32.dll
0x77d40000 - 0x77dd0000 	C:\WINDOWS\system32\USER32.dll
0x77f10000 - 0x77f58000 	C:\WINDOWS\system32\GDI32.dll
0x77c10000 - 0x77c68000 	C:\WINDOWS\system32\MSVCRT.dll
0x76390000 - 0x763ad000 	C:\WINDOWS\system32\IMM32.DLL
0x629c0000 - 0x629c9000 	C:\WINDOWS\system32\LPK.DLL
0x74d90000 - 0x74dfb000 	C:\WINDOWS\system32\USP10.dll
0x6d6e0000 - 0x6d874000 	C:\jdevstudio10134\jdk\jre\bin\client\jvm.dll
0x76b40000 - 0x76b6d000 	C:\WINDOWS\system32\WINMM.dll
0x6d2f0000 - 0x6d2f8000 	C:\jdevstudio10134\jdk\jre\bin\hpi.dll
0x76bf0000 - 0x76bfb000 	C:\WINDOWS\system32\PSAPI.DLL
0x6d6b0000 - 0x6d6bc000 	C:\jdevstudio10134\jdk\jre\bin\verify.dll
0x6d370000 - 0x6d38d000 	C:\jdevstudio10134\jdk\jre\bin\java.dll
0x6d6d0000 - 0x6d6df000 	C:\jdevstudio10134\jdk\jre\bin\zip.dll
0x6d070000 - 0x6d1d7000 	C:\jdevstudio10134\jdk\jre\bin\awt.dll
0x73000000 - 0x73026000 	C:\WINDOWS\system32\WINSPOOL.DRV
0x774e0000 - 0x7761c000 	C:\WINDOWS\system32\ole32.dll
0x5ad70000 - 0x5ada8000 	C:\WINDOWS\system32\uxtheme.dll
0x73760000 - 0x737a9000 	C:\WINDOWS\system32\ddraw.dll
0x73bc0000 - 0x73bc6000 	C:\WINDOWS\system32\DCIMAN32.dll
0x73940000 - 0x73a10000 	C:\WINDOWS\system32\D3DIM700.DLL
0x755c0000 - 0x755ee000 	C:\WINDOWS\system32\msctfime.ime
0x7c9c0000 - 0x7d1d6000 	C:\WINDOWS\system32\shell32.dll
0x77f60000 - 0x77fd6000 	C:\WINDOWS\system32\SHLWAPI.dll
0x773d0000 - 0x774d2000 	C:\WINDOWS\WinSxS\x86_Microsoft.Windows.Common-Controls_6595b64144ccf1df_6.0.2600.2180_x-ww_a84f1ff9\comctl32.dll
0x5d090000 - 0x5d127000 	C:\WINDOWS\system32\comctl32.dll
0x6d2b0000 - 0x6d2ed000 	C:\jdevstudio10134\jdk\jre\bin\fontmanager.dll
0x6d530000 - 0x6d543000 	C:\jdevstudio10134\jdk\jre\bin\net.dll
0x71ab0000 - 0x71ac7000 	C:\WINDOWS\system32\WS2_32.dll
0x71aa0000 - 0x71aa8000 	C:\WINDOWS\system32\WS2HELP.dll
0x6d550000 - 0x6d559000 	C:\jdevstudio10134\jdk\jre\bin\nio.dll
0x6d430000 - 0x6d44f000 	C:\jdevstudio10134\jdk\jre\bin\jpeg.dll
0x5b860000 - 0x5b8b4000 	C:\WINDOWS\system32\netapi32.dll
0x71b20000 - 0x71b32000 	C:\WINDOWS\system32\MPR.dll
0x0b4e0000 - 0x0b4ed000 	C:\WINDOWS\System32\vmhgfs.dll
0x77c00000 - 0x77c08000 	C:\WINDOWS\system32\VERSION.dll
0x75f60000 - 0x75f67000 	C:\WINDOWS\System32\drprov.dll
0x71c10000 - 0x71c1e000 	C:\WINDOWS\System32\ntlanman.dll
0x71cd0000 - 0x71ce7000 	C:\WINDOWS\System32\NETUI0.dll
0x71c90000 - 0x71cd0000 	C:\WINDOWS\System32\NETUI1.dll
0x71c80000 - 0x71c87000 	C:\WINDOWS\System32\NETRAP.dll
0x71bf0000 - 0x71c03000 	C:\WINDOWS\System32\SAMLIB.dll
0x75f70000 - 0x75f79000 	C:\WINDOWS\System32\davclnt.dll
0x77920000 - 0x77a13000 	C:\WINDOWS\system32\SETUPAPI.dll
0x77b40000 - 0x77b62000 	C:\WINDOWS\system32\appHelp.dll
0x76fd0000 - 0x7704f000 	C:\WINDOWS\system32\CLBCATQ.DLL
0x77120000 - 0x771ac000 	C:\WINDOWS\system32\OLEAUT32.dll
0x77050000 - 0x77115000 	C:\WINDOWS\system32\COMRes.dll
0x76980000 - 0x76988000 	C:\WINDOWS\system32\LINKINFO.dll
0x76990000 - 0x769b5000 	C:\WINDOWS\system32\ntshrui.dll
0x76b20000 - 0x76b31000 	C:\WINDOWS\system32\ATL.DLL
0x769c0000 - 0x76a73000 	C:\WINDOWS\system32\USERENV.dll
0x0b660000 - 0x0b66f000 	C:\DevSuiteHome\BIN\frmjapi.dll
0x0b700000 - 0x0b71c000 	C:\DevSuiteHome\bin\frmd2f.dll
0x663d0000 - 0x66414000 	C:\DevSuiteHome\bin\CA.dll
0x66340000 - 0x6636a000 	C:\DevSuiteHome\bin\mmc.dll
0x64ca0000 - 0x64cb1000 	C:\DevSuiteHome\bin\UTL.dll
0x60730000 - 0x607dc000 	C:\DevSuiteHome\bin\oracore10.dll
0x608d0000 - 0x60963000 	C:\DevSuiteHome\bin\oranls10.dll
0x62b40000 - 0x62b53000 	C:\DevSuiteHome\bin\oraunls10.dll
0x60c40000 - 0x60c47000 	C:\DevSuiteHome\bin\orauts.dll
0x616b0000 - 0x61891000 	C:\DevSuiteHome\bin\oraclient10.dll
0x62b60000 - 0x62b66000 	C:\DevSuiteHome\bin\oravsn10.dll
0x60d30000 - 0x60de8000 	C:\DevSuiteHome\bin\oracommon10.dll
0x60300000 - 0x60720000 	C:\DevSuiteHome\bin\orageneric10.dll
0x0b720000 - 0x0b732000 	C:\DevSuiteHome\bin\orasnls10.dll
0x62b80000 - 0x62c86000 	C:\DevSuiteHome\bin\oraxml10.dll
0x0b740000 - 0x0b751000 	C:\WINDOWS\system32\MSVCIRT.dll
0x607e0000 - 0x608cc000 	C:\DevSuiteHome\bin\oran10.dll
0x62000000 - 0x6202c000 	C:\DevSuiteHome\bin\oranl10.dll
0x62030000 - 0x62042000 	C:\DevSuiteHome\bin\oranldap10.dll
0x62090000 - 0x62184000 	C:\DevSuiteHome\bin\orannzsbb10.dll
0x61e10000 - 0x61e52000 	C:\DevSuiteHome\bin\oraldapclnt10.dll
0x61f30000 - 0x61f47000 	C:\DevSuiteHome\bin\orancrypt10.dll
0x71ad0000 - 0x71ad9000 	C:\WINDOWS\system32\WSOCK32.dll
0x76d60000 - 0x76d79000 	C:\WINDOWS\system32\iphlpapi.dll
0x621a0000 - 0x621d7000 	C:\DevSuiteHome\bin\oranro10.dll
0x621f0000 - 0x621fc000 	C:\DevSuiteHome\bin\orantcp10.dll
0x61f70000 - 0x61f76000 	C:\DevSuiteHome\bin\oranhost10.dll
0x61f20000 - 0x61f26000 	C:\DevSuiteHome\bin\orancds10.dll
0x62210000 - 0x62216000 	C:\DevSuiteHome\bin\orantns10.dll
0x60970000 - 0x60c31000 	C:\DevSuiteHome\bin\orapls10.dll
0x62500000 - 0x62507000 	C:\DevSuiteHome\bin\oraslax10.dll
0x627b0000 - 0x628b3000 	C:\DevSuiteHome\bin\oraplp10.dll
0x618b0000 - 0x61905000 	C:\DevSuiteHome\bin\orahasgen10.dll
0x622b0000 - 0x622e6000 	C:\DevSuiteHome\bin\oraocr10.dll
0x622f0000 - 0x62315000 	C:\DevSuiteHome\bin\oraocrb10.dll
0x62a80000 - 0x62af6000 	C:\DevSuiteHome\bin\orasql10.dll
0x662f0000 - 0x66320000 	C:\DevSuiteHome\bin\mmi.dll
0x64f10000 - 0x64f21000 	C:\DevSuiteHome\bin\UIIM.dll
0x64ce0000 - 0x64dbd000 	C:\DevSuiteHome\bin\UIW.dll
0x64cd0000 - 0x64cd7000 	C:\DevSuiteHome\bin\UTC.dll
0x64cc0000 - 0x64cc9000 	C:\DevSuiteHome\bin\UTJ.dll
0x64ed0000 - 0x64ef6000 	C:\DevSuiteHome\bin\UIOLE.dll
0x763b0000 - 0x763f9000 	C:\WINDOWS\system32\comdlg32.dll
0x64ad0000 - 0x64c05000 	C:\DevSuiteHome\bin\VGS.dll
0x64e30000 - 0x64e93000 	C:\DevSuiteHome\bin\UIREM.dll
0x659a0000 - 0x659ee000 	C:\DevSuiteHome\bin\ROS.dll
0x66250000 - 0x6627e000 	C:\DevSuiteHome\bin\mmw.dll
0x662a0000 - 0x662b0000 	C:\DevSuiteHome\bin\mmv.dll
0x73b50000 - 0x73b67000 	C:\WINDOWS\system32\AVIFIL32.dll
0x77be0000 - 0x77bf5000 	C:\WINDOWS\system32\MSACM32.dll
0x75a70000 - 0x75a91000 	C:\WINDOWS\system32\MSVFW32.dll
0x662c0000 - 0x662df000 	C:\DevSuiteHome\bin\mms.dll
0x66810000 - 0x66a2b000 	C:\DevSuiteHome\bin\DE.dll
0x627a0000 - 0x627af000 	C:\DevSuiteHome\bin\oraplc10.dll
0x64f50000 - 0x64f66000 	C:\DevSuiteHome\bin\UICC.dll
0x64fb0000 - 0x64fda000 	C:\DevSuiteHome\bin\UCOL.dll
0x0b760000 - 0x0b87a000 	C:\DevSuiteHome\bin\frmcom.dll
0x66380000 - 0x66389000 	C:\DevSuiteHome\bin\mma.dll
0x64ff0000 - 0x65003000 	C:\DevSuiteHome\bin\UAT.dll
0x66220000 - 0x6623c000 	C:\DevSuiteHome\bin\nn.dll
0x64f70000 - 0x64f94000 	C:\DevSuiteHome\bin\UIA.dll
0x64f30000 - 0x64f45000 	C:\DevSuiteHome\bin\UIDC.dll
0x0b880000 - 0x0b944000 	C:\DevSuiteHome\bin\frmdig.dll
0x0b950000 - 0x0b9fd000 	C:\DevSuiteHome\bin\frmdug.dll
0x66210000 - 0x66215000 	C:\DevSuiteHome\bin\obs.dll
0x76c30000 - 0x76c5e000 	C:\WINDOWS\system32\WINTRUST.dll
0x77a80000 - 0x77b14000 	C:\WINDOWS\system32\CRYPT32.dll
0x77b20000 - 0x77b32000 	C:\WINDOWS\system32\MSASN1.dll
0x76c90000 - 0x76cb8000 	C:\WINDOWS\system32\IMAGEHLP.dll
0x72d20000 - 0x72d29000 	C:\WINDOWS\system32\wdmaud.drv
0x72d10000 - 0x72d18000 	C:\WINDOWS\system32\msacm32.drv

VM Arguments:
java_command: net.adamdog.form2njp.Main C:\DevSuiteHome\forms\tutoforms\TEST_BLOC_VUE.fmb
Launcher Type: SUN_STANDARD

Environment Variables:
PATH=C:\DevSuiteHome\jdk\jre\bin\classic;C:\DevSuiteHome\jdk\jre\bin;C:\DevSuiteHome\jdk\jre\bin\client;C:\DevSuiteHome\jlib;C:\DevSuiteHome\bin;C:\DevSuiteHome\jre\1.4.2\bin\client;C:\DevSuiteHome\jre\1.4.2\bin;C:\oraclexe\app\oracle\product\10.2.0\server\bin;C:\WINDOWS\system32;C:\WINDOWS;C:\WINDOWS\System32\Wbem
USERNAME=adamdog
OS=Windows_NT
PROCESSOR_IDENTIFIER=x86 Family 15 Model 107 Stepping 2, AuthenticAMD



---------------  S Y S T E M  ---------------

OS: Windows XP Build 2600 Service Pack 2

CPU:total 2 family 111, cmov, cx8, fxsr, mmx, sse, sse2, ht

Memory: 4k page, physical 1048040k(231808k free), swap 2518884k(1287216k free)

vm_info: Java HotSpot(TM) Client VM (1.5.0_06-b05) for windows-x86, built on Nov 10 2005 11:12:14 by "java_re" with MS VC++ 6.0

